This file contains any messages produced by compilers while
running configure, to aid debugging if configure makes a mistake.

It was created by alsa-lib configure 1.1.0, which was
generated by GNU Autoconf 2.69.  Invocation command line was

  $ ./configure --enable-shared=no --enable-static=yes

## --------- ##
## Platform. ##
## --------- ##

hostname = rickysimon
uname -m = x86_64
uname -r = 3.16.0-38-generic
uname -s = Linux
uname -v = #52~14.04.1-Ubuntu SMP Fri May 8 09:43:57 UTC 2015

/usr/bin/uname -p = unknown
/bin/uname -X     = unknown

/bin/arch              = unknown
/usr/bin/arch -k       = unknown
/usr/convex/getsysinfo = unknown
/usr/bin/hostinfo      = unknown
/bin/machine           = unknown
/usr/bin/oslevel       = unknown
/bin/universe          = unknown

PATH: /usr/local/sbin
PATH: /usr/local/bin
PATH: /usr/sbin
PATH: /usr/bin
PATH: /sbin
PATH: /bin
PATH: /usr/games
PATH: /usr/local/games


## ----------- ##
## Core tests. ##
## ----------- ##

configure:2420: checking build system type
configure:2434: result: x86_64-unknown-linux-gnu
configure:2454: checking host system type
configure:2467: result: x86_64-unknown-linux-gnu
configure:2503: checking for a BSD-compatible install
configure:2571: result: /usr/bin/install -c
configure:2582: checking whether build environment is sane
configure:2637: result: yes
configure:2788: checking for a thread-safe mkdir -p
configure:2827: result: /bin/mkdir -p
configure:2834: checking for gawk
configure:2850: found /usr/bin/gawk
configure:2861: result: gawk
configure:2872: checking whether make sets $(MAKE)
configure:2894: result: yes
configure:2991: checking whether to enable maintainer-specific portions of Makefiles
configure:3000: result: yes
configure:3026: checking whether make supports nested variables
configure:3043: result: yes
configure:3106: checking for gcc
configure:3122: found /usr/bin/gcc
configure:3133: result: gcc
configure:3362: checking for C compiler version
configure:3371: gcc --version >&5
gcc (Ubuntu 4.8.4-2ubuntu1~14.04) 4.8.4
Copyright (C) 2013 Free Software Foundation, Inc.
This is free software; see the source for copying conditions.  There is NO
warranty; not even for MERCHANTABILITY or FITNESS FOR A PARTICULAR PURPOSE.

configure:3382: $? = 0
configure:3371: gcc -v >&5
Using built-in specs.
COLLECT_GCC=gcc
COLLECT_LTO_WRAPPER=/usr/lib/gcc/x86_64-linux-gnu/4.8/lto-wrapper
Target: x86_64-linux-gnu
Configured with: ../src/configure -v --with-pkgversion='Ubuntu 4.8.4-2ubuntu1~14.04' --with-bugurl=file:///usr/share/doc/gcc-4.8/README.Bugs --enable-languages=c,c++,java,go,d,fortran,objc,obj-c++ --prefix=/usr --program-suffix=-4.8 --enable-shared --enable-linker-build-id --libexecdir=/usr/lib --without-included-gettext --enable-threads=posix --with-gxx-include-dir=/usr/include/c++/4.8 --libdir=/usr/lib --enable-nls --with-sysroot=/ --enable-clocale=gnu --enable-libstdcxx-debug --enable-libstdcxx-time=yes --enable-gnu-unique-object --disable-libmudflap --enable-plugin --with-system-zlib --disable-browser-plugin --enable-java-awt=gtk --enable-gtk-cairo --with-java-home=/usr/lib/jvm/java-1.5.0-gcj-4.8-amd64/jre --enable-java-home --with-jvm-root-dir=/usr/lib/jvm/java-1.5.0-gcj-4.8-amd64 --with-jvm-jar-dir=/usr/lib/jvm-exports/java-1.5.0-gcj-4.8-amd64 --with-arch-directory=amd64 --with-ecj-jar=/usr/share/java/eclipse-ecj.jar --enable-objc-gc --enable-multiarch --disable-werror --with-arch-32=i686 --with-abi=m64 --with-multilib-list=m32,m64,mx32 --with-tune=generic --enable-checking=release --build=x86_64-linux-gnu --host=x86_64-linux-gnu --target=x86_64-linux-gnu
Thread model: posix
gcc version 4.8.4 (Ubuntu 4.8.4-2ubuntu1~14.04) 
configure:3382: $? = 0
configure:3371: gcc -V >&5
gcc: error: unrecognized command line option '-V'
gcc: fatal error: no input files
compilation terminated.
configure:3382: $? = 4
configure:3371: gcc -qversion >&5
gcc: error: unrecognized command line option '-qversion'
gcc: fatal error: no input files
compilation terminated.
configure:3382: $? = 4
configure:3402: checking whether the C compiler works
configure:3424: gcc    conftest.c  >&5
configure:3428: $? = 0
configure:3476: result: yes
configure:3479: checking for C compiler default output file name
configure:3481: result: a.out
configure:3487: checking for suffix of executables
configure:3494: gcc -o conftest    conftest.c  >&5
configure:3498: $? = 0
configure:3520: result: 
configure:3542: checking whether we are cross compiling
configure:3550: gcc -o conftest    conftest.c  >&5
configure:3554: $? = 0
configure:3561: ./conftest
configure:3565: $? = 0
configure:3580: result: no
configure:3585: checking for suffix of object files
configure:3607: gcc -c   conftest.c >&5
configure:3611: $? = 0
configure:3632: result: o
configure:3636: checking whether we are using the GNU C compiler
configure:3655: gcc -c   conftest.c >&5
configure:3655: $? = 0
configure:3664: result: yes
configure:3673: checking whether gcc accepts -g
configure:3693: gcc -c -g  conftest.c >&5
configure:3693: $? = 0
configure:3734: result: yes
configure:3751: checking for gcc option to accept ISO C89
configure:3814: gcc  -c -g -O2  conftest.c >&5
configure:3814: $? = 0
configure:3827: result: none needed
configure:3858: checking for style of include used by make
configure:3886: result: GNU
configure:3912: checking dependency style of gcc
configure:4023: result: gcc3
configure:4043: checking how to run the C preprocessor
configure:4074: gcc -E  conftest.c
configure:4074: $? = 0
configure:4088: gcc -E  conftest.c
conftest.c:11:28: fatal error: ac_nonexistent.h: No such file or directory
 #include <ac_nonexistent.h>
                            ^
compilation terminated.
configure:4088: $? = 1
configure: failed program was:
| /* confdefs.h */
| #define PACKAGE_NAME "alsa-lib"
| #define PACKAGE_TARNAME "alsa-lib"
| #define PACKAGE_VERSION "1.1.0"
| #define PACKAGE_STRING "alsa-lib 1.1.0"
| #define PACKAGE_BUGREPORT ""
| #define PACKAGE_URL ""
| #define PACKAGE "alsa-lib"
| #define VERSION "1.1.0"
| /* end confdefs.h.  */
| #include <ac_nonexistent.h>
configure:4113: result: gcc -E
configure:4133: gcc -E  conftest.c
configure:4133: $? = 0
configure:4147: gcc -E  conftest.c
conftest.c:11:28: fatal error: ac_nonexistent.h: No such file or directory
 #include <ac_nonexistent.h>
                            ^
compilation terminated.
configure:4147: $? = 1
configure: failed program was:
| /* confdefs.h */
| #define PACKAGE_NAME "alsa-lib"
| #define PACKAGE_TARNAME "alsa-lib"
| #define PACKAGE_VERSION "1.1.0"
| #define PACKAGE_STRING "alsa-lib 1.1.0"
| #define PACKAGE_BUGREPORT ""
| #define PACKAGE_URL ""
| #define PACKAGE "alsa-lib"
| #define VERSION "1.1.0"
| /* end confdefs.h.  */
| #include <ac_nonexistent.h>
configure:4177: checking for grep that handles long lines and -e
configure:4235: result: /bin/grep
configure:4240: checking for egrep
configure:4302: result: /bin/grep -E
configure:4307: checking for ANSI C header files
configure:4327: gcc -c -g -O2  conftest.c >&5
configure:4327: $? = 0
configure:4400: gcc -o conftest -g -O2   conftest.c  >&5
configure:4400: $? = 0
configure:4400: ./conftest
configure:4400: $? = 0
configure:4411: result: yes
configure:4424: checking for sys/types.h
configure:4424: gcc -c -g -O2  conftest.c >&5
configure:4424: $? = 0
configure:4424: result: yes
configure:4424: checking for sys/stat.h
configure:4424: gcc -c -g -O2  conftest.c >&5
configure:4424: $? = 0
configure:4424: result: yes
configure:4424: checking for stdlib.h
configure:4424: gcc -c -g -O2  conftest.c >&5
configure:4424: $? = 0
configure:4424: result: yes
configure:4424: checking for string.h
configure:4424: gcc -c -g -O2  conftest.c >&5
configure:4424: $? = 0
configure:4424: result: yes
configure:4424: checking for memory.h
configure:4424: gcc -c -g -O2  conftest.c >&5
configure:4424: $? = 0
configure:4424: result: yes
configure:4424: checking for strings.h
configure:4424: gcc -c -g -O2  conftest.c >&5
configure:4424: $? = 0
configure:4424: result: yes
configure:4424: checking for inttypes.h
configure:4424: gcc -c -g -O2  conftest.c >&5
configure:4424: $? = 0
configure:4424: result: yes
configure:4424: checking for stdint.h
configure:4424: gcc -c -g -O2  conftest.c >&5
configure:4424: $? = 0
configure:4424: result: yes
configure:4424: checking for unistd.h
configure:4424: gcc -c -g -O2  conftest.c >&5
configure:4424: $? = 0
configure:4424: result: yes
configure:4437: checking minix/config.h usability
configure:4437: gcc -c -g -O2  conftest.c >&5
conftest.c:54:26: fatal error: minix/config.h: No such file or directory
 #include <minix/config.h>
                          ^
compilation terminated.
configure:4437: $? = 1
configure: failed program was:
| /* confdefs.h */
| #define PACKAGE_NAME "alsa-lib"
| #define PACKAGE_TARNAME "alsa-lib"
| #define PACKAGE_VERSION "1.1.0"
| #define PACKAGE_STRING "alsa-lib 1.1.0"
| #define PACKAGE_BUGREPORT ""
| #define PACKAGE_URL ""
| #define PACKAGE "alsa-lib"
| #define VERSION "1.1.0"
| #define STDC_HEADERS 1
| #define HAVE_SYS_TYPES_H 1
| #define HAVE_SYS_STAT_H 1
| #define HAVE_STDLIB_H 1
| #define HAVE_STRING_H 1
| #define HAVE_MEMORY_H 1
| #define HAVE_STRINGS_H 1
| #define HAVE_INTTYPES_H 1
| #define HAVE_STDINT_H 1
| #define HAVE_UNISTD_H 1
| /* end confdefs.h.  */
| #include <stdio.h>
| #ifdef HAVE_SYS_TYPES_H
| # include <sys/types.h>
| #endif
| #ifdef HAVE_SYS_STAT_H
| # include <sys/stat.h>
| #endif
| #ifdef STDC_HEADERS
| # include <stdlib.h>
| # include <stddef.h>
| #else
| # ifdef HAVE_STDLIB_H
| #  include <stdlib.h>
| # endif
| #endif
| #ifdef HAVE_STRING_H
| # if !defined STDC_HEADERS && defined HAVE_MEMORY_H
| #  include <memory.h>
| # endif
| # include <string.h>
| #endif
| #ifdef HAVE_STRINGS_H
| # include <strings.h>
| #endif
| #ifdef HAVE_INTTYPES_H
| # include <inttypes.h>
| #endif
| #ifdef HAVE_STDINT_H
| # include <stdint.h>
| #endif
| #ifdef HAVE_UNISTD_H
| # include <unistd.h>
| #endif
| #include <minix/config.h>
configure:4437: result: no
configure:4437: checking minix/config.h presence
configure:4437: gcc -E  conftest.c
conftest.c:21:26: fatal error: minix/config.h: No such file or directory
 #include <minix/config.h>
                          ^
compilation terminated.
configure:4437: $? = 1
configure: failed program was:
| /* confdefs.h */
| #define PACKAGE_NAME "alsa-lib"
| #define PACKAGE_TARNAME "alsa-lib"
| #define PACKAGE_VERSION "1.1.0"
| #define PACKAGE_STRING "alsa-lib 1.1.0"
| #define PACKAGE_BUGREPORT ""
| #define PACKAGE_URL ""
| #define PACKAGE "alsa-lib"
| #define VERSION "1.1.0"
| #define STDC_HEADERS 1
| #define HAVE_SYS_TYPES_H 1
| #define HAVE_SYS_STAT_H 1
| #define HAVE_STDLIB_H 1
| #define HAVE_STRING_H 1
| #define HAVE_MEMORY_H 1
| #define HAVE_STRINGS_H 1
| #define HAVE_INTTYPES_H 1
| #define HAVE_STDINT_H 1
| #define HAVE_UNISTD_H 1
| /* end confdefs.h.  */
| #include <minix/config.h>
configure:4437: result: no
configure:4437: checking for minix/config.h
configure:4437: result: no
configure:4458: checking whether it is safe to define __EXTENSIONS__
configure:4476: gcc -c -g -O2  conftest.c >&5
configure:4476: $? = 0
configure:4483: result: yes
configure:4498: checking whether ln -s works
configure:4502: result: yes
configure:4590: checking how to print strings
configure:4617: result: printf
configure:4638: checking for a sed that does not truncate output
configure:4702: result: /bin/sed
configure:4720: checking for fgrep
configure:4782: result: /bin/grep -F
configure:4817: checking for ld used by gcc
configure:4884: result: /usr/bin/ld
configure:4891: checking if the linker (/usr/bin/ld) is GNU ld
configure:4906: result: yes
configure:4918: checking for BSD- or MS-compatible name lister (nm)
configure:4967: result: /usr/bin/nm -B
configure:5097: checking the name lister (/usr/bin/nm -B) interface
configure:5104: gcc -c -g -O2  conftest.c >&5
configure:5107: /usr/bin/nm -B "conftest.o"
configure:5110: output
0000000000000000 B some_variable
configure:5117: result: BSD nm
configure:5121: checking the maximum length of command line arguments
configure:5251: result: 1572864
configure:5268: checking whether the shell understands some XSI constructs
configure:5278: result: yes
configure:5282: checking whether the shell understands "+="
configure:5288: result: yes
configure:5323: checking how to convert x86_64-unknown-linux-gnu file names to x86_64-unknown-linux-gnu format
configure:5363: result: func_convert_file_noop
configure:5370: checking how to convert x86_64-unknown-linux-gnu file names to toolchain format
configure:5390: result: func_convert_file_noop
configure:5397: checking for /usr/bin/ld option to reload object files
configure:5404: result: -r
configure:5478: checking for objdump
configure:5494: found /usr/bin/objdump
configure:5505: result: objdump
configure:5537: checking how to recognize dependent libraries
configure:5739: result: pass_all
configure:5824: checking for dlltool
configure:5854: result: no
configure:5884: checking how to associate runtime and link libraries
configure:5911: result: printf %s\n
configure:5971: checking for ar
configure:5987: found /usr/bin/ar
configure:5998: result: ar
configure:6035: checking for archiver @FILE support
configure:6052: gcc -c -g -O2  conftest.c >&5
configure:6052: $? = 0
configure:6055: ar cru libconftest.a @conftest.lst >&5
configure:6058: $? = 0
configure:6063: ar cru libconftest.a @conftest.lst >&5
ar: conftest.o: No such file or directory
configure:6066: $? = 1
configure:6078: result: @
configure:6136: checking for strip
configure:6152: found /usr/bin/strip
configure:6163: result: strip
configure:6235: checking for ranlib
configure:6251: found /usr/bin/ranlib
configure:6262: result: ranlib
configure:6364: checking command to parse /usr/bin/nm -B output from gcc object
configure:6484: gcc -c -g -O2  conftest.c >&5
configure:6487: $? = 0
configure:6491: /usr/bin/nm -B conftest.o \| sed -n -e 's/^.*[ ]\([ABCDGIRSTW][ABCDGIRSTW]*\)[ ][ ]*\([_A-Za-z][_A-Za-z0-9]*\)$/\1 \2 \2/p' | sed '/ __gnu_lto/d' \> conftest.nm
configure:6494: $? = 0
configure:6560: gcc -o conftest -g -O2   conftest.c conftstm.o >&5
configure:6563: $? = 0
configure:6601: result: ok
configure:6638: checking for sysroot
configure:6668: result: no
configure:6745: gcc -c -g -O2  conftest.c >&5
configure:6748: $? = 0
configure:6924: checking for mt
configure:6940: found /bin/mt
configure:6951: result: mt
configure:6974: checking if mt is a manifest tool
configure:6980: mt '-?'
configure:6988: result: no
configure:7627: checking for dlfcn.h
configure:7627: gcc -c -g -O2  conftest.c >&5
configure:7627: $? = 0
configure:7627: result: yes
configure:7801: checking for objdir
configure:7816: result: .libs
configure:8083: checking if gcc supports -fno-rtti -fno-exceptions
configure:8101: gcc -c -g -O2  -fno-rtti -fno-exceptions conftest.c >&5
cc1: warning: command line option '-fno-rtti' is valid for C++/ObjC++ but not for C [enabled by default]
configure:8105: $? = 0
configure:8118: result: no
configure:8445: checking for gcc option to produce PIC
configure:8452: result: -fPIC -DPIC
configure:8460: checking if gcc PIC flag -fPIC -DPIC works
configure:8478: gcc -c -g -O2  -fPIC -DPIC -DPIC conftest.c >&5
configure:8482: $? = 0
configure:8495: result: yes
configure:8524: checking if gcc static flag -static works
configure:8552: result: yes
configure:8567: checking if gcc supports -c -o file.o
configure:8588: gcc -c -g -O2  -o out/conftest2.o conftest.c >&5
configure:8592: $? = 0
configure:8614: result: yes
configure:8622: checking if gcc supports -c -o file.o
configure:8669: result: yes
configure:8702: checking whether the gcc linker (/usr/bin/ld -m elf_x86_64) supports shared libraries
configure:9855: result: yes
configure:10095: checking dynamic linker characteristics
configure:10606: gcc -o conftest -g -O2   -Wl,-rpath -Wl,/foo conftest.c  >&5
configure:10606: $? = 0
configure:10832: result: GNU/Linux ld.so
configure:10939: checking how to hardcode library paths into programs
configure:10964: result: immediate
configure:11058: checking for shl_load
configure:11058: gcc -o conftest -g -O2   conftest.c  >&5
/tmp/cc8UDwfo.o: In function `main':
/home/rickysimon/Desktop/cs488/A5/shared/alsa-lib-1.1.0/conftest.c:62: undefined reference to `shl_load'
collect2: error: ld returned 1 exit status
configure:11058: $? = 1
configure: failed program was:
| /* confdefs.h */
| #define PACKAGE_NAME "alsa-lib"
| #define PACKAGE_TARNAME "alsa-lib"
| #define PACKAGE_VERSION "1.1.0"
| #define PACKAGE_STRING "alsa-lib 1.1.0"
| #define PACKAGE_BUGREPORT ""
| #define PACKAGE_URL ""
| #define PACKAGE "alsa-lib"
| #define VERSION "1.1.0"
| #define STDC_HEADERS 1
| #define HAVE_SYS_TYPES_H 1
| #define HAVE_SYS_STAT_H 1
| #define HAVE_STDLIB_H 1
| #define HAVE_STRING_H 1
| #define HAVE_MEMORY_H 1
| #define HAVE_STRINGS_H 1
| #define HAVE_INTTYPES_H 1
| #define HAVE_STDINT_H 1
| #define HAVE_UNISTD_H 1
| #define __EXTENSIONS__ 1
| #define _ALL_SOURCE 1
| #define _GNU_SOURCE 1
| #define _POSIX_PTHREAD_SEMANTICS 1
| #define _TANDEM_SOURCE 1
| #define HAVE_DLFCN_H 1
| #define LT_OBJDIR ".libs/"
| /* end confdefs.h.  */
| /* Define shl_load to an innocuous variant, in case <limits.h> declares shl_load.
|    For example, HP-UX 11i <limits.h> declares gettimeofday.  */
| #define shl_load innocuous_shl_load
| 
| /* System header to define __stub macros and hopefully few prototypes,
|     which can conflict with char shl_load (); below.
|     Prefer <limits.h> to <assert.h> if __STDC__ is defined, since
|     <limits.h> exists even on freestanding compilers.  */
| 
| #ifdef __STDC__
| # include <limits.h>
| #else
| # include <assert.h>
| #endif
| 
| #undef shl_load
| 
| /* Override any GCC internal prototype to avoid an error.
|    Use char because int might match the return type of a GCC
|    builtin and then its argument prototype would still apply.  */
| #ifdef __cplusplus
| extern "C"
| #endif
| char shl_load ();
| /* The GNU C library defines this for functions which it implements
|     to always fail with ENOSYS.  Some functions are actually named
|     something starting with __ and the normal name is an alias.  */
| #if defined __stub_shl_load || defined __stub___shl_load
| choke me
| #endif
| 
| int
| main ()
| {
| return shl_load ();
|   ;
|   return 0;
| }
configure:11058: result: no
configure:11062: checking for shl_load in -ldld
configure:11087: gcc -o conftest -g -O2   conftest.c -ldld   >&5
/usr/bin/ld: cannot find -ldld
collect2: error: ld returned 1 exit status
configure:11087: $? = 1
configure: failed program was:
| /* confdefs.h */
| #define PACKAGE_NAME "alsa-lib"
| #define PACKAGE_TARNAME "alsa-lib"
| #define PACKAGE_VERSION "1.1.0"
| #define PACKAGE_STRING "alsa-lib 1.1.0"
| #define PACKAGE_BUGREPORT ""
| #define PACKAGE_URL ""
| #define PACKAGE "alsa-lib"
| #define VERSION "1.1.0"
| #define STDC_HEADERS 1
| #define HAVE_SYS_TYPES_H 1
| #define HAVE_SYS_STAT_H 1
| #define HAVE_STDLIB_H 1
| #define HAVE_STRING_H 1
| #define HAVE_MEMORY_H 1
| #define HAVE_STRINGS_H 1
| #define HAVE_INTTYPES_H 1
| #define HAVE_STDINT_H 1
| #define HAVE_UNISTD_H 1
| #define __EXTENSIONS__ 1
| #define _ALL_SOURCE 1
| #define _GNU_SOURCE 1
| #define _POSIX_PTHREAD_SEMANTICS 1
| #define _TANDEM_SOURCE 1
| #define HAVE_DLFCN_H 1
| #define LT_OBJDIR ".libs/"
| /* end confdefs.h.  */
| 
| /* Override any GCC internal prototype to avoid an error.
|    Use char because int might match the return type of a GCC
|    builtin and then its argument prototype would still apply.  */
| #ifdef __cplusplus
| extern "C"
| #endif
| char shl_load ();
| int
| main ()
| {
| return shl_load ();
|   ;
|   return 0;
| }
configure:11096: result: no
configure:11101: checking for dlopen
configure:11101: gcc -o conftest -g -O2   conftest.c  >&5
/tmp/cc9x1SXt.o: In function `main':
/home/rickysimon/Desktop/cs488/A5/shared/alsa-lib-1.1.0/conftest.c:62: undefined reference to `dlopen'
collect2: error: ld returned 1 exit status
configure:11101: $? = 1
configure: failed program was:
| /* confdefs.h */
| #define PACKAGE_NAME "alsa-lib"
| #define PACKAGE_TARNAME "alsa-lib"
| #define PACKAGE_VERSION "1.1.0"
| #define PACKAGE_STRING "alsa-lib 1.1.0"
| #define PACKAGE_BUGREPORT ""
| #define PACKAGE_URL ""
| #define PACKAGE "alsa-lib"
| #define VERSION "1.1.0"
| #define STDC_HEADERS 1
| #define HAVE_SYS_TYPES_H 1
| #define HAVE_SYS_STAT_H 1
| #define HAVE_STDLIB_H 1
| #define HAVE_STRING_H 1
| #define HAVE_MEMORY_H 1
| #define HAVE_STRINGS_H 1
| #define HAVE_INTTYPES_H 1
| #define HAVE_STDINT_H 1
| #define HAVE_UNISTD_H 1
| #define __EXTENSIONS__ 1
| #define _ALL_SOURCE 1
| #define _GNU_SOURCE 1
| #define _POSIX_PTHREAD_SEMANTICS 1
| #define _TANDEM_SOURCE 1
| #define HAVE_DLFCN_H 1
| #define LT_OBJDIR ".libs/"
| /* end confdefs.h.  */
| /* Define dlopen to an innocuous variant, in case <limits.h> declares dlopen.
|    For example, HP-UX 11i <limits.h> declares gettimeofday.  */
| #define dlopen innocuous_dlopen
| 
| /* System header to define __stub macros and hopefully few prototypes,
|     which can conflict with char dlopen (); below.
|     Prefer <limits.h> to <assert.h> if __STDC__ is defined, since
|     <limits.h> exists even on freestanding compilers.  */
| 
| #ifdef __STDC__
| # include <limits.h>
| #else
| # include <assert.h>
| #endif
| 
| #undef dlopen
| 
| /* Override any GCC internal prototype to avoid an error.
|    Use char because int might match the return type of a GCC
|    builtin and then its argument prototype would still apply.  */
| #ifdef __cplusplus
| extern "C"
| #endif
| char dlopen ();
| /* The GNU C library defines this for functions which it implements
|     to always fail with ENOSYS.  Some functions are actually named
|     something starting with __ and the normal name is an alias.  */
| #if defined __stub_dlopen || defined __stub___dlopen
| choke me
| #endif
| 
| int
| main ()
| {
| return dlopen ();
|   ;
|   return 0;
| }
configure:11101: result: no
configure:11105: checking for dlopen in -ldl
configure:11130: gcc -o conftest -g -O2   conftest.c -ldl   >&5
configure:11130: $? = 0
configure:11139: result: yes
configure:11258: checking whether a program can dlopen itself
configure:11338: gcc -o conftest -g -O2  -DHAVE_DLFCN_H  -Wl,--export-dynamic conftest.c -ldl  >&5
configure:11341: $? = 0
configure:11359: result: yes
configure:11364: checking whether a statically linked program can dlopen itself
configure:11444: gcc -o conftest -g -O2  -DHAVE_DLFCN_H  -Wl,--export-dynamic -static conftest.c -ldl  >&5
/tmp/ccWN8s9L.o: In function `main':
/home/rickysimon/Desktop/cs488/A5/shared/alsa-lib-1.1.0/configure:11423: warning: Using 'dlopen' in statically linked applications requires at runtime the shared libraries from the glibc version used for linking
/usr/bin/ld: dynamic STT_GNU_IFUNC symbol `strcmp' with pointer equality in `/usr/lib/gcc/x86_64-linux-gnu/4.8/../../../x86_64-linux-gnu/libc.a(strcmp.o)' can not be used when making an executable; recompile with -fPIE and relink with -pie
collect2: error: ld returned 1 exit status
configure:11447: $? = 1
configure:11465: result: no
configure:11504: checking whether stripping libraries is possible
configure:11509: result: yes
configure:11544: checking if libtool supports shared libraries
configure:11546: result: yes
configure:11549: checking whether to build shared libraries
configure:11570: result: no
configure:11573: checking whether to build static libraries
configure:11577: result: yes
configure:11617: checking for ANSI C header files
configure:11721: result: yes
configure:11732: checking for an ANSI C-conforming const
configure:11798: gcc -c -g -O2  conftest.c >&5
configure:11798: $? = 0
configure:11805: result: yes
configure:11813: checking for inline
configure:11829: gcc -c -g -O2  conftest.c >&5
configure:11829: $? = 0
configure:11837: result: inline
configure:11855: checking whether time.h and sys/time.h may both be included
configure:11875: gcc -c -g -O2  conftest.c >&5
configure:11875: $? = 0
configure:11882: result: yes
configure:11892: checking whether gcc needs -traditional
configure:11926: result: no
configure:11935: checking for uselocale
configure:11935: gcc -o conftest -g -O2   conftest.c  >&5
configure:11935: $? = 0
configure:11935: result: yes
configure:11946: checking for library version
configure:11971: result: major 1 minor 1 subminor 0 extrastr  extraver 1000000
configure:12062: checking for versioned symbols
configure:12089: result: yes
configure:12108: checking for symbolic-functions
configure:12127: result: no
configure:12139: checking for custom symbol prefixes
configure:12152: result: 
configure:12155: checking for debug
configure:12166: result: yes
configure:12177: checking for debug assert
configure:12193: result: no
configure:12198: checking for tmpdir
configure:12208: result: /tmp
configure:12216: checking for softfloat
configure:12234: result: no
configure:12243: checking for libdl
configure:12255: checking for dlsym in -ldl
configure:12280: gcc -o conftest -g -O2   conftest.c -ldl   >&5
configure:12280: $? = 0
configure:12289: result: yes
configure:12314: checking for pthread
configure:12325: checking for pthread_join in -lpthread
configure:12350: gcc -o conftest -g -O2   conftest.c -lpthread   >&5
configure:12350: $? = 0
configure:12359: result: yes
configure:12376: checking for __thread
configure:12391: gcc -o conftest -g -O2   conftest.c  >&5
configure:12391: $? = 0
configure:12395: result: yes
configure:12404: checking for librt
configure:12415: checking for clock_gettime in -lrt
configure:12440: gcc -o conftest -g -O2   conftest.c -lrt   >&5
configure:12440: $? = 0
configure:12449: result: yes
configure:12474: checking wordexp.h usability
configure:12474: gcc -c -g -O2  conftest.c >&5
configure:12474: $? = 0
configure:12474: result: yes
configure:12474: checking wordexp.h presence
configure:12474: gcc -E  conftest.c
configure:12474: $? = 0
configure:12474: result: yes
configure:12474: checking for wordexp.h
configure:12474: result: yes
configure:12474: checking endian.h usability
configure:12474: gcc -c -g -O2  conftest.c >&5
configure:12474: $? = 0
configure:12474: result: yes
configure:12474: checking endian.h presence
configure:12474: gcc -E  conftest.c
configure:12474: $? = 0
configure:12474: result: yes
configure:12474: checking for endian.h
configure:12474: result: yes
configure:12474: checking sys/endian.h usability
configure:12474: gcc -c -g -O2  conftest.c >&5
conftest.c:78:24: fatal error: sys/endian.h: No such file or directory
 #include <sys/endian.h>
                        ^
compilation terminated.
configure:12474: $? = 1
configure: failed program was:
| /* confdefs.h */
| #define PACKAGE_NAME "alsa-lib"
| #define PACKAGE_TARNAME "alsa-lib"
| #define PACKAGE_VERSION "1.1.0"
| #define PACKAGE_STRING "alsa-lib 1.1.0"
| #define PACKAGE_BUGREPORT ""
| #define PACKAGE_URL ""
| #define PACKAGE "alsa-lib"
| #define VERSION "1.1.0"
| #define STDC_HEADERS 1
| #define HAVE_SYS_TYPES_H 1
| #define HAVE_SYS_STAT_H 1
| #define HAVE_STDLIB_H 1
| #define HAVE_STRING_H 1
| #define HAVE_MEMORY_H 1
| #define HAVE_STRINGS_H 1
| #define HAVE_INTTYPES_H 1
| #define HAVE_STDINT_H 1
| #define HAVE_UNISTD_H 1
| #define __EXTENSIONS__ 1
| #define _ALL_SOURCE 1
| #define _GNU_SOURCE 1
| #define _POSIX_PTHREAD_SEMANTICS 1
| #define _TANDEM_SOURCE 1
| #define HAVE_DLFCN_H 1
| #define LT_OBJDIR ".libs/"
| #define STDC_HEADERS 1
| #define TIME_WITH_SYS_TIME 1
| #define HAVE_USELOCALE 1
| #define VERSION "1.1.0"
| #define ALSA_CONFIG_DIR "/usr/share/alsa"
| #define ALSA_PLUGIN_DIR "/usr/lib/alsa-lib"
| #define ALSA_PKGCONF_DIR "/usr/lib/pkgconfig"
| #define VERSIONED_SYMBOLS /**/
| #define __SYMBOL_PREFIX ""
| #define TMPDIR "/tmp"
| #define HAVE_LIBDL 1
| #define HAVE_LIBPTHREAD 1
| #define HAVE___THREAD 1
| #define HAVE_LIBRT 1
| #define HAVE_CLOCK_GETTIME 1
| #define HAVE_WORDEXP_H 1
| #define HAVE_ENDIAN_H 1
| /* end confdefs.h.  */
| #include <stdio.h>
| #ifdef HAVE_SYS_TYPES_H
| # include <sys/types.h>
| #endif
| #ifdef HAVE_SYS_STAT_H
| # include <sys/stat.h>
| #endif
| #ifdef STDC_HEADERS
| # include <stdlib.h>
| # include <stddef.h>
| #else
| # ifdef HAVE_STDLIB_H
| #  include <stdlib.h>
| # endif
| #endif
| #ifdef HAVE_STRING_H
| # if !defined STDC_HEADERS && defined HAVE_MEMORY_H
| #  include <memory.h>
| # endif
| # include <string.h>
| #endif
| #ifdef HAVE_STRINGS_H
| # include <strings.h>
| #endif
| #ifdef HAVE_INTTYPES_H
| # include <inttypes.h>
| #endif
| #ifdef HAVE_STDINT_H
| # include <stdint.h>
| #endif
| #ifdef HAVE_UNISTD_H
| # include <unistd.h>
| #endif
| #include <sys/endian.h>
configure:12474: result: no
configure:12474: checking sys/endian.h presence
configure:12474: gcc -E  conftest.c
conftest.c:45:24: fatal error: sys/endian.h: No such file or directory
 #include <sys/endian.h>
                        ^
compilation terminated.
configure:12474: $? = 1
configure: failed program was:
| /* confdefs.h */
| #define PACKAGE_NAME "alsa-lib"
| #define PACKAGE_TARNAME "alsa-lib"
| #define PACKAGE_VERSION "1.1.0"
| #define PACKAGE_STRING "alsa-lib 1.1.0"
| #define PACKAGE_BUGREPORT ""
| #define PACKAGE_URL ""
| #define PACKAGE "alsa-lib"
| #define VERSION "1.1.0"
| #define STDC_HEADERS 1
| #define HAVE_SYS_TYPES_H 1
| #define HAVE_SYS_STAT_H 1
| #define HAVE_STDLIB_H 1
| #define HAVE_STRING_H 1
| #define HAVE_MEMORY_H 1
| #define HAVE_STRINGS_H 1
| #define HAVE_INTTYPES_H 1
| #define HAVE_STDINT_H 1
| #define HAVE_UNISTD_H 1
| #define __EXTENSIONS__ 1
| #define _ALL_SOURCE 1
| #define _GNU_SOURCE 1
| #define _POSIX_PTHREAD_SEMANTICS 1
| #define _TANDEM_SOURCE 1
| #define HAVE_DLFCN_H 1
| #define LT_OBJDIR ".libs/"
| #define STDC_HEADERS 1
| #define TIME_WITH_SYS_TIME 1
| #define HAVE_USELOCALE 1
| #define VERSION "1.1.0"
| #define ALSA_CONFIG_DIR "/usr/share/alsa"
| #define ALSA_PLUGIN_DIR "/usr/lib/alsa-lib"
| #define ALSA_PKGCONF_DIR "/usr/lib/pkgconfig"
| #define VERSIONED_SYMBOLS /**/
| #define __SYMBOL_PREFIX ""
| #define TMPDIR "/tmp"
| #define HAVE_LIBDL 1
| #define HAVE_LIBPTHREAD 1
| #define HAVE___THREAD 1
| #define HAVE_LIBRT 1
| #define HAVE_CLOCK_GETTIME 1
| #define HAVE_WORDEXP_H 1
| #define HAVE_ENDIAN_H 1
| /* end confdefs.h.  */
| #include <sys/endian.h>
configure:12474: result: no
configure:12474: checking for sys/endian.h
configure:12474: result: no
configure:12474: checking sys/shm.h usability
configure:12474: gcc -c -g -O2  conftest.c >&5
configure:12474: $? = 0
configure:12474: result: yes
configure:12474: checking sys/shm.h presence
configure:12474: gcc -E  conftest.c
configure:12474: $? = 0
configure:12474: result: yes
configure:12474: checking for sys/shm.h
configure:12474: result: yes
configure:12485: checking for resmgr support
configure:12494: result: no
configure:12549: checking for aload* support
configure:12558: result: yes
configure:12566: checking for ALSA device file directory
configure:12584: result: /dev/snd/
configure:12587: checking for aload* device file directory
configure:12605: result: /dev/
configure:12844: checking whether GCC supports builtin atomic intrinsics
configure:12862: gcc -o conftest -g -O2   conftest.c  >&5
configure:12862: $? = 0
configure:12870: result: yes
configure:13260: checking for max number of cards
configure:13270: result: 32
configure:13401: checking that generated files are newer than configure
configure:13407: result: done
configure:13614: creating ./config.status

## ---------------------- ##
## Running config.status. ##
## ---------------------- ##

This file was extended by alsa-lib config.status 1.1.0, which was
generated by GNU Autoconf 2.69.  Invocation command line was

  CONFIG_FILES    = 
  CONFIG_HEADERS  = 
  CONFIG_LINKS    = 
  CONFIG_COMMANDS = 
  $ ./config.status 

on rickysimon

config.status:1270: creating Makefile
config.status:1270: creating doc/Makefile
config.status:1270: creating doc/pictures/Makefile
config.status:1270: creating doc/doxygen.cfg
config.status:1270: creating include/Makefile
config.status:1270: creating include/sound/Makefile
config.status:1270: creating src/Versions
config.status:1270: creating src/Makefile
config.status:1270: creating src/control/Makefile
config.status:1270: creating src/mixer/Makefile
config.status:1270: creating src/pcm/Makefile
config.status:1270: creating src/pcm/scopes/Makefile
config.status:1270: creating src/rawmidi/Makefile
config.status:1270: creating src/timer/Makefile
config.status:1270: creating src/hwdep/Makefile
config.status:1270: creating src/seq/Makefile
config.status:1270: creating src/ucm/Makefile
config.status:1270: creating src/alisp/Makefile
config.status:1270: creating src/topology/Makefile
config.status:1270: creating src/conf/Makefile
config.status:1270: creating src/conf/alsa.conf.d/Makefile
config.status:1270: creating src/conf/cards/Makefile
config.status:1270: creating src/conf/pcm/Makefile
config.status:1270: creating src/conf/ucm/Makefile
config.status:1270: creating src/conf/ucm/DAISY-I2S/Makefile
config.status:1270: creating src/conf/ucm/PandaBoard/Makefile
config.status:1270: creating src/conf/ucm/PandaBoardES/Makefile
config.status:1270: creating src/conf/ucm/SDP4430/Makefile
config.status:1270: creating src/conf/ucm/tegraalc5632/Makefile
config.status:1270: creating src/conf/ucm/PAZ00/Makefile
config.status:1270: creating src/conf/ucm/GoogleNyan/Makefile
config.status:1270: creating src/conf/ucm/broadwell-rt286/Makefile
config.status:1270: creating src/conf/topology/Makefile
config.status:1270: creating src/conf/topology/broadwell/Makefile
config.status:1270: creating modules/Makefile
config.status:1270: creating modules/mixer/Makefile
config.status:1270: creating modules/mixer/simple/Makefile
config.status:1270: creating alsalisp/Makefile
config.status:1270: creating aserver/Makefile
config.status:1270: creating test/Makefile
config.status:1270: creating test/lsb/Makefile
config.status:1270: creating utils/Makefile
config.status:1270: creating utils/alsa-lib.spec
config.status:1270: creating utils/alsa.pc
config.status:1270: creating include/config.h
config.status:1451: include/config.h is unchanged
config.status:1499: executing depfiles commands
config.status:1499: executing libtool commands

## ---------------- ##
## Cache variables. ##
## ---------------- ##

ac_cv_build=x86_64-unknown-linux-gnu
ac_cv_c_compiler_gnu=yes
ac_cv_c_const=yes
ac_cv_c_inline=inline
ac_cv_env_CC_set=
ac_cv_env_CC_value=
ac_cv_env_CFLAGS_set=
ac_cv_env_CFLAGS_value=
ac_cv_env_CPPFLAGS_set=
ac_cv_env_CPPFLAGS_value=
ac_cv_env_CPP_set=
ac_cv_env_CPP_value=
ac_cv_env_LDFLAGS_set=
ac_cv_env_LDFLAGS_value=
ac_cv_env_LIBS_set=
ac_cv_env_LIBS_value=
ac_cv_env_build_alias_set=
ac_cv_env_build_alias_value=
ac_cv_env_host_alias_set=
ac_cv_env_host_alias_value=
ac_cv_env_target_alias_set=
ac_cv_env_target_alias_value=
ac_cv_func_dlopen=no
ac_cv_func_shl_load=no
ac_cv_func_uselocale=yes
ac_cv_header_dlfcn_h=yes
ac_cv_header_endian_h=yes
ac_cv_header_inttypes_h=yes
ac_cv_header_memory_h=yes
ac_cv_header_minix_config_h=no
ac_cv_header_stdc=yes
ac_cv_header_stdint_h=yes
ac_cv_header_stdlib_h=yes
ac_cv_header_string_h=yes
ac_cv_header_strings_h=yes
ac_cv_header_sys_endian_h=no
ac_cv_header_sys_shm_h=yes
ac_cv_header_sys_stat_h=yes
ac_cv_header_sys_types_h=yes
ac_cv_header_time=yes
ac_cv_header_unistd_h=yes
ac_cv_header_wordexp_h=yes
ac_cv_host=x86_64-unknown-linux-gnu
ac_cv_lib_dl_dlopen=yes
ac_cv_lib_dl_dlsym=yes
ac_cv_lib_dld_shl_load=no
ac_cv_lib_pthread_pthread_join=yes
ac_cv_lib_rt_clock_gettime=yes
ac_cv_objext=o
ac_cv_path_EGREP='/bin/grep -E'
ac_cv_path_FGREP='/bin/grep -F'
ac_cv_path_GREP=/bin/grep
ac_cv_path_SED=/bin/sed
ac_cv_path_install='/usr/bin/install -c'
ac_cv_path_mkdir=/bin/mkdir
ac_cv_prog_AWK=gawk
ac_cv_prog_CPP='gcc -E'
ac_cv_prog_ac_ct_AR=ar
ac_cv_prog_ac_ct_CC=gcc
ac_cv_prog_ac_ct_MANIFEST_TOOL=mt
ac_cv_prog_ac_ct_OBJDUMP=objdump
ac_cv_prog_ac_ct_RANLIB=ranlib
ac_cv_prog_ac_ct_STRIP=strip
ac_cv_prog_cc_c89=
ac_cv_prog_cc_g=yes
ac_cv_prog_gcc_traditional=no
ac_cv_prog_make_make_set=yes
ac_cv_safe_to_define___extensions__=yes
am_cv_CC_dependencies_compiler_type=gcc3
am_cv_make_support_nested_variables=yes
lt_cv_ar_at_file=@
lt_cv_deplibs_check_method=pass_all
lt_cv_dlopen=dlopen
lt_cv_dlopen_libs=-ldl
lt_cv_dlopen_self=yes
lt_cv_dlopen_self_static=no
lt_cv_file_magic_cmd='$MAGIC_CMD'
lt_cv_file_magic_test_file=
lt_cv_ld_reload_flag=-r
lt_cv_nm_interface='BSD nm'
lt_cv_objdir=.libs
lt_cv_path_LD=/usr/bin/ld
lt_cv_path_NM='/usr/bin/nm -B'
lt_cv_path_mainfest_tool=no
lt_cv_prog_compiler_c_o=yes
lt_cv_prog_compiler_pic='-fPIC -DPIC'
lt_cv_prog_compiler_pic_works=yes
lt_cv_prog_compiler_rtti_exceptions=no
lt_cv_prog_compiler_static_works=yes
lt_cv_prog_gnu_ld=yes
lt_cv_sharedlib_from_linklib_cmd='printf %s\n'
lt_cv_shlibpath_overrides_runpath=no
lt_cv_sys_global_symbol_pipe='sed -n -e '\''s/^.*[	 ]\([ABCDGIRSTW][ABCDGIRSTW]*\)[	 ][	 ]*\([_A-Za-z][_A-Za-z0-9]*\)$/\1 \2 \2/p'\'' | sed '\''/ __gnu_lto/d'\'''
lt_cv_sys_global_symbol_to_c_name_address='sed -n -e '\''s/^: \([^ ]*\)[ ]*$/  {\"\1\", (void *) 0},/p'\'' -e '\''s/^[ABCDGIRSTW]* \([^ ]*\) \([^ ]*\)$/  {"\2", (void *) \&\2},/p'\'''
lt_cv_sys_global_symbol_to_c_name_address_lib_prefix='sed -n -e '\''s/^: \([^ ]*\)[ ]*$/  {\"\1\", (void *) 0},/p'\'' -e '\''s/^[ABCDGIRSTW]* \([^ ]*\) \(lib[^ ]*\)$/  {"\2", (void *) \&\2},/p'\'' -e '\''s/^[ABCDGIRSTW]* \([^ ]*\) \([^ ]*\)$/  {"lib\2", (void *) \&\2},/p'\'''
lt_cv_sys_global_symbol_to_cdecl='sed -n -e '\''s/^T .* \(.*\)$/extern int \1();/p'\'' -e '\''s/^[ABCDGIRSTW]* .* \(.*\)$/extern char \1;/p'\'''
lt_cv_sys_max_cmd_len=1572864
lt_cv_to_host_file_cmd=func_convert_file_noop
lt_cv_to_tool_file_cmd=func_convert_file_noop

## ----------------- ##
## Output variables. ##
## ----------------- ##

ACLOCAL='${SHELL} /home/rickysimon/Desktop/cs488/A5/shared/alsa-lib-1.1.0/missing --run aclocal-1.12'
ALSA_CONFIG_DIR='/usr/share/alsa'
ALSA_DEPLIBS='-lm -ldl -lpthread -lrt'
ALSA_PKGCONF_DIR='/usr/lib/pkgconfig'
ALSA_PLUGIN_DIR='/usr/lib/alsa-lib'
AMDEPBACKSLASH='\'
AMDEP_FALSE='#'
AMDEP_TRUE=''
AMTAR='$${TAR-tar}'
AM_BACKSLASH='\'
AM_DEFAULT_V='$(AM_DEFAULT_VERBOSITY)'
AM_DEFAULT_VERBOSITY='0'
AM_V='$(V)'
AR='ar'
AUTOCONF='${SHELL} /home/rickysimon/Desktop/cs488/A5/shared/alsa-lib-1.1.0/missing --run autoconf'
AUTOHEADER='${SHELL} /home/rickysimon/Desktop/cs488/A5/shared/alsa-lib-1.1.0/missing --run autoheader'
AUTOMAKE='${SHELL} /home/rickysimon/Desktop/cs488/A5/shared/alsa-lib-1.1.0/missing --run automake-1.12'
AWK='gawk'
BUILD_ALISP_FALSE='#'
BUILD_ALISP_TRUE=''
BUILD_CTL_PLUGIN_EXT_FALSE='#'
BUILD_CTL_PLUGIN_EXT_TRUE=''
BUILD_CTL_PLUGIN_FALSE='#'
BUILD_CTL_PLUGIN_SHM_FALSE='#'
BUILD_CTL_PLUGIN_SHM_TRUE=''
BUILD_CTL_PLUGIN_TRUE=''
BUILD_HWDEP_FALSE='#'
BUILD_HWDEP_TRUE=''
BUILD_MIXER_FALSE='#'
BUILD_MIXER_TRUE=''
BUILD_MODULES_FALSE='#'
BUILD_MODULES_TRUE=''
BUILD_PCM_FALSE='#'
BUILD_PCM_PLUGIN_ADPCM_FALSE='#'
BUILD_PCM_PLUGIN_ADPCM_TRUE=''
BUILD_PCM_PLUGIN_ALAW_FALSE='#'
BUILD_PCM_PLUGIN_ALAW_TRUE=''
BUILD_PCM_PLUGIN_ASYM_FALSE='#'
BUILD_PCM_PLUGIN_ASYM_TRUE=''
BUILD_PCM_PLUGIN_COPY_FALSE='#'
BUILD_PCM_PLUGIN_COPY_TRUE=''
BUILD_PCM_PLUGIN_DMIX_FALSE='#'
BUILD_PCM_PLUGIN_DMIX_TRUE=''
BUILD_PCM_PLUGIN_DSHARE_FALSE='#'
BUILD_PCM_PLUGIN_DSHARE_TRUE=''
BUILD_PCM_PLUGIN_DSNOOP_FALSE='#'
BUILD_PCM_PLUGIN_DSNOOP_TRUE=''
BUILD_PCM_PLUGIN_EMPTY_FALSE='#'
BUILD_PCM_PLUGIN_EMPTY_TRUE=''
BUILD_PCM_PLUGIN_EXTPLUG_FALSE='#'
BUILD_PCM_PLUGIN_EXTPLUG_TRUE=''
BUILD_PCM_PLUGIN_FALSE='#'
BUILD_PCM_PLUGIN_FILE_FALSE='#'
BUILD_PCM_PLUGIN_FILE_TRUE=''
BUILD_PCM_PLUGIN_HOOKS_FALSE='#'
BUILD_PCM_PLUGIN_HOOKS_TRUE=''
BUILD_PCM_PLUGIN_IEC958_FALSE='#'
BUILD_PCM_PLUGIN_IEC958_TRUE=''
BUILD_PCM_PLUGIN_IOPLUG_FALSE='#'
BUILD_PCM_PLUGIN_IOPLUG_TRUE=''
BUILD_PCM_PLUGIN_LADSPA_FALSE='#'
BUILD_PCM_PLUGIN_LADSPA_TRUE=''
BUILD_PCM_PLUGIN_LFLOAT_FALSE='#'
BUILD_PCM_PLUGIN_LFLOAT_TRUE=''
BUILD_PCM_PLUGIN_LINEAR_FALSE='#'
BUILD_PCM_PLUGIN_LINEAR_TRUE=''
BUILD_PCM_PLUGIN_METER_FALSE='#'
BUILD_PCM_PLUGIN_METER_TRUE=''
BUILD_PCM_PLUGIN_MMAP_EMUL_FALSE='#'
BUILD_PCM_PLUGIN_MMAP_EMUL_TRUE=''
BUILD_PCM_PLUGIN_MULAW_FALSE='#'
BUILD_PCM_PLUGIN_MULAW_TRUE=''
BUILD_PCM_PLUGIN_MULTI_FALSE='#'
BUILD_PCM_PLUGIN_MULTI_TRUE=''
BUILD_PCM_PLUGIN_NULL_FALSE='#'
BUILD_PCM_PLUGIN_NULL_TRUE=''
BUILD_PCM_PLUGIN_PLUG_FALSE='#'
BUILD_PCM_PLUGIN_PLUG_TRUE=''
BUILD_PCM_PLUGIN_RATE_FALSE='#'
BUILD_PCM_PLUGIN_RATE_TRUE=''
BUILD_PCM_PLUGIN_ROUTE_FALSE='#'
BUILD_PCM_PLUGIN_ROUTE_TRUE=''
BUILD_PCM_PLUGIN_SHARE_FALSE='#'
BUILD_PCM_PLUGIN_SHARE_TRUE=''
BUILD_PCM_PLUGIN_SHM_FALSE='#'
BUILD_PCM_PLUGIN_SHM_TRUE=''
BUILD_PCM_PLUGIN_SOFTVOL_FALSE='#'
BUILD_PCM_PLUGIN_SOFTVOL_TRUE=''
BUILD_PCM_PLUGIN_TRUE=''
BUILD_PCM_TRUE=''
BUILD_PYTHON_FALSE=''
BUILD_PYTHON_TRUE='#'
BUILD_RAWMIDI_FALSE='#'
BUILD_RAWMIDI_TRUE=''
BUILD_SEQ_FALSE='#'
BUILD_SEQ_TRUE=''
BUILD_TOPOLOGY_FALSE='#'
BUILD_TOPOLOGY_TRUE=''
BUILD_UCM_FALSE='#'
BUILD_UCM_TRUE=''
CC='gcc'
CCDEPMODE='depmode=gcc3'
CFLAGS='-g -O2'
CPP='gcc -E'
CPPFLAGS=''
CYGPATH_W='echo'
DEFS='-DHAVE_CONFIG_H'
DEPDIR='.deps'
DLLTOOL='false'
DSYMUTIL=''
DUMPBIN=''
ECHO_C=''
ECHO_N='-n'
ECHO_T=''
EGREP='/bin/grep -E'
EXEEXT=''
FGREP='/bin/grep -F'
GREP='/bin/grep'
INSTALL_DATA='${INSTALL} -m 644'
INSTALL_M4_FALSE='#'
INSTALL_M4_TRUE=''
INSTALL_PROGRAM='${INSTALL}'
INSTALL_SCRIPT='${INSTALL}'
INSTALL_STRIP_PROGRAM='$(install_sh) -c -s'
KEEP_OLD_SYMBOLS_FALSE='#'
KEEP_OLD_SYMBOLS_TRUE=''
LD='/usr/bin/ld -m elf_x86_64'
LDFLAGS=''
LIBOBJS=''
LIBS=''
LIBTOOL='$(SHELL) $(top_builddir)/libtool'
LIBTOOL_VERSION_INFO='2:0:0'
LIPO=''
LN_S='ln -s'
LTLIBOBJS=''
MAINT=''
MAINTAINER_MODE_FALSE='#'
MAINTAINER_MODE_TRUE=''
MAKEINFO='${SHELL} /home/rickysimon/Desktop/cs488/A5/shared/alsa-lib-1.1.0/missing --run makeinfo'
MANIFEST_TOOL=':'
MKDIR_P='/bin/mkdir -p'
NM='/usr/bin/nm -B'
NMEDIT=''
OBJDUMP='objdump'
OBJEXT='o'
OTOOL64=''
OTOOL=''
PACKAGE='alsa-lib'
PACKAGE_BUGREPORT=''
PACKAGE_NAME='alsa-lib'
PACKAGE_STRING='alsa-lib 1.1.0'
PACKAGE_TARNAME='alsa-lib'
PACKAGE_URL=''
PACKAGE_VERSION='1.1.0'
PATH_SEPARATOR=':'
PYTHON_INCLUDES=''
PYTHON_LIBS=''
RANLIB='ranlib'
SED='/bin/sed'
SET_MAKE=''
SHELL='/bin/bash'
SND_LIB_EXTRAVER='1000000'
SND_LIB_MAJOR='1'
SND_LIB_MINOR='1'
SND_LIB_SUBMINOR='0'
SND_LIB_VERSION='1.1.0'
STRIP='strip'
SYMBOLIC_FUNCTIONS_FALSE=''
SYMBOLIC_FUNCTIONS_TRUE='#'
SYMBOL_PREFIX=''
VERSION='1.1.0'
VERSIONED_SYMBOLS_FALSE='#'
VERSIONED_SYMBOLS_TRUE=''
ac_ct_AR='ar'
ac_ct_CC='gcc'
ac_ct_DUMPBIN=''
am__EXEEXT_FALSE=''
am__EXEEXT_TRUE='#'
am__fastdepCC_FALSE='#'
am__fastdepCC_TRUE=''
am__include='include'
am__isrc=''
am__leading_dot='.'
am__nodep='_no'
am__quote=''
am__tar='$${TAR-tar} chof - "$$tardir"'
am__untar='$${TAR-tar} xf -'
bindir='${exec_prefix}/bin'
build='x86_64-unknown-linux-gnu'
build_alias=''
build_cpu='x86_64'
build_os='linux-gnu'
build_vendor='unknown'
datadir='${datarootdir}'
datarootdir='${prefix}/share'
docdir='${datarootdir}/doc/${PACKAGE_TARNAME}'
dvidir='${docdir}'
exec_prefix='/usr'
host='x86_64-unknown-linux-gnu'
host_alias=''
host_cpu='x86_64'
host_os='linux-gnu'
host_vendor='unknown'
htmldir='${docdir}'
includedir='${prefix}/include'
infodir='${datarootdir}/info'
install_sh='${SHELL} /home/rickysimon/Desktop/cs488/A5/shared/alsa-lib-1.1.0/install-sh'
libdir='${exec_prefix}/lib'
libexecdir='${exec_prefix}/libexec'
localedir='${datarootdir}/locale'
localstatedir='${prefix}/var'
mandir='${datarootdir}/man'
mkdir_p='$(MKDIR_P)'
oldincludedir='/usr/include'
pdfdir='${docdir}'
prefix='/usr'
program_transform_name='s,x,x,'
psdir='${docdir}'
sbindir='${exec_prefix}/sbin'
sharedstatedir='${prefix}/com'
sysconfdir='${prefix}/etc'
target_alias=''

## ----------- ##
## confdefs.h. ##
## ----------- ##

/* confdefs.h */
#define PACKAGE_NAME "alsa-lib"
#define PACKAGE_TARNAME "alsa-lib"
#define PACKAGE_VERSION "1.1.0"
#define PACKAGE_STRING "alsa-lib 1.1.0"
#define PACKAGE_BUGREPORT ""
#define PACKAGE_URL ""
#define PACKAGE "alsa-lib"
#define VERSION "1.1.0"
#define STDC_HEADERS 1
#define HAVE_SYS_TYPES_H 1
#define HAVE_SYS_STAT_H 1
#define HAVE_STDLIB_H 1
#define HAVE_STRING_H 1
#define HAVE_MEMORY_H 1
#define HAVE_STRINGS_H 1
#define HAVE_INTTYPES_H 1
#define HAVE_STDINT_H 1
#define HAVE_UNISTD_H 1
#define __EXTENSIONS__ 1
#define _ALL_SOURCE 1
#define _GNU_SOURCE 1
#define _POSIX_PTHREAD_SEMANTICS 1
#define _TANDEM_SOURCE 1
#define HAVE_DLFCN_H 1
#define LT_OBJDIR ".libs/"
#define STDC_HEADERS 1
#define TIME_WITH_SYS_TIME 1
#define HAVE_USELOCALE 1
#define VERSION "1.1.0"
#define ALSA_CONFIG_DIR "/usr/share/alsa"
#define ALSA_PLUGIN_DIR "/usr/lib/alsa-lib"
#define ALSA_PKGCONF_DIR "/usr/lib/pkgconfig"
#define VERSIONED_SYMBOLS /**/
#define __SYMBOL_PREFIX ""
#define TMPDIR "/tmp"
#define HAVE_LIBDL 1
#define HAVE_LIBPTHREAD 1
#define HAVE___THREAD 1
#define HAVE_LIBRT 1
#define HAVE_CLOCK_GETTIME 1
#define HAVE_WORDEXP_H 1
#define HAVE_ENDIAN_H 1
#define HAVE_SYS_SHM_H 1
#define SUPPORT_ALOAD "1"
#define ALSA_DEVICE_DIRECTORY "/dev/snd/"
#define ALOAD_DEVICE_DIRECTORY "/dev/"
#define BUILD_MIXER "1"
#define BUILD_PCM "1"
#define BUILD_RAWMIDI "1"
#define BUILD_HWDEP "1"
#define BUILD_SEQ "1"
#define BUILD_UCM "1"
#define BUILD_TOPOLOGY "1"
#define BUILD_PCM_PLUGIN_RATE "1"
#define BUILD_PCM_PLUGIN_ROUTE "1"
#define BUILD_PCM_PLUGIN_LFLOAT "1"
#define BUILD_PCM_PLUGIN_ADPCM "1"
#define BUILD_PCM_PLUGIN_MULAW "1"
#define BUILD_PCM_PLUGIN_ALAW "1"
#define BUILD_PCM_PLUGIN_MMAP_EMUL "1"
#define SND_MAX_CARDS 32

configure: exit 0
